<?xml version="1.0" encoding="UTF-8"?>
<testsuite xmlns:xsi="http://www.w3.org/2001/XMLSchema-instance" xsi:noNamespaceSchemaLocation="https://maven.apache.org/surefire/maven-surefire-plugin/xsd/surefire-test-report-3.0.xsd" version="3.0" name="com.Team3.MaitreD.MaitreDApplicationTests" time="3.832" tests="1" errors="0" skipped="0" failures="0">
  <properties>
[...]
</properties>
  <testcase name="contextLoads" classname="com.Team3.MaitreD.MaitreDApplicationTests" time="0.392">
    <system-out><![CDATA[19:26:31.615 [main] INFO org.springframework.test.context.support.AnnotationConfigContextLoaderUtils -- Could not detect default configuration classes for test class [com.Team3.MaitreD.MaitreDApplicationTests]: MaitreDApplicationTests does not declare any static, non-private, non-final, nested classes annotated with @Configuration.
19:26:31.673 [main] INFO org.springframework.boot.test.context.SpringBootTestContextBootstrapper -- Found @SpringBootConfiguration com.Team3.MaitreD.MaitreDApplication for test class com.Team3.MaitreD.MaitreDApplicationTests
19:26:31.762 [main] INFO org.springframework.boot.devtools.restart.RestartApplicationListener -- Restart disabled due to context in which it is running

  .   ____          _            __ _ _
 /\\ / ___'_ __ _ _(_)_ __  __ _ \ \ \ \
( ( )\___ | '_ | '_| | '_ \/ _` | \ \ \ \
 \\/  ___)| |_)| | | | | || (_| |  ) ) ) )
  '  |____| .__|_| |_|_| |_\__, | / / / /
 =========|_|==============|___/=/_/_/_/
&amp#27;[32m :: Spring Boot :: &amp#27;[39m              &amp#27;[2m (v3.2.4)&amp#27;[0;39m

&amp#27;[2m2024-04-11T19:26:31.955-04:00&amp#27;[0;39m &amp#27;[32m INFO&amp#27;[0;39m &amp#27;[35m60014&amp#27;[0;39m &amp#27;[2m---&amp#27;[0;39m &amp#27;[2m[Maitre-D] [           main]&amp#27;[0;39m &amp#27;[2m&amp#27;[0;39m&amp#27;[36mc.Team3.MaitreD.MaitreDApplicationTests &amp#27;[0;39m &amp#27;[2m:&amp#27;[0;39m Starting MaitreDApplicationTests using Java 22 with PID 60014 (started by nalani in /Users/nalani/matrade-project)
&amp#27;[2m2024-04-11T19:26:31.956-04:00&amp#27;[0;39m &amp#27;[32m INFO&amp#27;[0;39m &amp#27;[35m60014&amp#27;[0;39m &amp#27;[2m---&amp#27;[0;39m &amp#27;[2m[Maitre-D] [           main]&amp#27;[0;39m &amp#27;[2m&amp#27;[0;39m&amp#27;[36mc.Team3.MaitreD.MaitreDApplicationTests &amp#27;[0;39m &amp#27;[2m:&amp#27;[0;39m No active profile set, falling back to 1 default profile: "default"
&amp#27;[2m2024-04-11T19:26:32.333-04:00&amp#27;[0;39m &amp#27;[32m INFO&amp#27;[0;39m &amp#27;[35m60014&amp#27;[0;39m &amp#27;[2m---&amp#27;[0;39m &amp#27;[2m[Maitre-D] [           main]&amp#27;[0;39m &amp#27;[2m&amp#27;[0;39m&amp#27;[36m.s.d.r.c.RepositoryConfigurationDelegate&amp#27;[0;39m &amp#27;[2m:&amp#27;[0;39m Bootstrapping Spring Data JPA repositories in DEFAULT mode.
&amp#27;[2m2024-04-11T19:26:32.361-04:00&amp#27;[0;39m &amp#27;[32m INFO&amp#27;[0;39m &amp#27;[35m60014&amp#27;[0;39m &amp#27;[2m---&amp#27;[0;39m &amp#27;[2m[Maitre-D] [           main]&amp#27;[0;39m &amp#27;[2m&amp#27;[0;39m&amp#27;[36m.s.d.r.c.RepositoryConfigurationDelegate&amp#27;[0;39m &amp#27;[2m:&amp#27;[0;39m Finished Spring Data repository scanning in 24 ms. Found 2 JPA repository interfaces.
&amp#27;[2m2024-04-11T19:26:32.671-04:00&amp#27;[0;39m &amp#27;[32m INFO&amp#27;[0;39m &amp#27;[35m60014&amp#27;[0;39m &amp#27;[2m---&amp#27;[0;39m &amp#27;[2m[Maitre-D] [           main]&amp#27;[0;39m &amp#27;[2m&amp#27;[0;39m&amp#27;[36mo.hibernate.jpa.internal.util.LogHelper &amp#27;[0;39m &amp#27;[2m:&amp#27;[0;39m HHH000204: Processing PersistenceUnitInfo [name: default]
&amp#27;[2m2024-04-11T19:26:32.706-04:00&amp#27;[0;39m &amp#27;[32m INFO&amp#27;[0;39m &amp#27;[35m60014&amp#27;[0;39m &amp#27;[2m---&amp#27;[0;39m &amp#27;[2m[Maitre-D] [           main]&amp#27;[0;39m &amp#27;[2m&amp#27;[0;39m&amp#27;[36morg.hibernate.Version                   &amp#27;[0;39m &amp#27;[2m:&amp#27;[0;39m HHH000412: Hibernate ORM core version 6.4.4.Final
&amp#27;[2m2024-04-11T19:26:32.729-04:00&amp#27;[0;39m &amp#27;[32m INFO&amp#27;[0;39m &amp#27;[35m60014&amp#27;[0;39m &amp#27;[2m---&amp#27;[0;39m &amp#27;[2m[Maitre-D] [           main]&amp#27;[0;39m &amp#27;[2m&amp#27;[0;39m&amp#27;[36mo.h.c.internal.RegionFactoryInitiator   &amp#27;[0;39m &amp#27;[2m:&amp#27;[0;39m HHH000026: Second-level cache disabled
&amp#27;[2m2024-04-11T19:26:32.878-04:00&amp#27;[0;39m &amp#27;[32m INFO&amp#27;[0;39m &amp#27;[35m60014&amp#27;[0;39m &amp#27;[2m---&amp#27;[0;39m &amp#27;[2m[Maitre-D] [           main]&amp#27;[0;39m &amp#27;[2m&amp#27;[0;39m&amp#27;[36mo.s.o.j.p.SpringPersistenceUnitInfo     &amp#27;[0;39m &amp#27;[2m:&amp#27;[0;39m No LoadTimeWeaver setup: ignoring JPA class transformer
&amp#27;[2m2024-04-11T19:26:32.895-04:00&amp#27;[0;39m &amp#27;[32m INFO&amp#27;[0;39m &amp#27;[35m60014&amp#27;[0;39m &amp#27;[2m---&amp#27;[0;39m &amp#27;[2m[Maitre-D] [           main]&amp#27;[0;39m &amp#27;[2m&amp#27;[0;39m&amp#27;[36mcom.zaxxer.hikari.HikariDataSource      &amp#27;[0;39m &amp#27;[2m:&amp#27;[0;39m HikariPool-1 - Starting...
&amp#27;[2m2024-04-11T19:26:33.025-04:00&amp#27;[0;39m &amp#27;[32m INFO&amp#27;[0;39m &amp#27;[35m60014&amp#27;[0;39m &amp#27;[2m---&amp#27;[0;39m &amp#27;[2m[Maitre-D] [           main]&amp#27;[0;39m &amp#27;[2m&amp#27;[0;39m&amp#27;[36mcom.zaxxer.hikari.pool.HikariPool       &amp#27;[0;39m &amp#27;[2m:&amp#27;[0;39m HikariPool-1 - Added connection conn0: url=jdbc:h2:file:~/demo user=SA
&amp#27;[2m2024-04-11T19:26:33.026-04:00&amp#27;[0;39m &amp#27;[32m INFO&amp#27;[0;39m &amp#27;[35m60014&amp#27;[0;39m &amp#27;[2m---&amp#27;[0;39m &amp#27;[2m[Maitre-D] [           main]&amp#27;[0;39m &amp#27;[2m&amp#27;[0;39m&amp#27;[36mcom.zaxxer.hikari.HikariDataSource      &amp#27;[0;39m &amp#27;[2m:&amp#27;[0;39m HikariPool-1 - Start completed.
&amp#27;[2m2024-04-11T19:26:33.047-04:00&amp#27;[0;39m &amp#27;[33m WARN&amp#27;[0;39m &amp#27;[35m60014&amp#27;[0;39m &amp#27;[2m---&amp#27;[0;39m &amp#27;[2m[Maitre-D] [           main]&amp#27;[0;39m &amp#27;[2m&amp#27;[0;39m&amp#27;[36morg.hibernate.orm.deprecation           &amp#27;[0;39m &amp#27;[2m:&amp#27;[0;39m HHH90000025: H2Dialect does not need to be specified explicitly using 'hibernate.dialect' (remove the property setting and it will be selected by default)
&amp#27;[2m2024-04-11T19:26:33.583-04:00&amp#27;[0;39m &amp#27;[32m INFO&amp#27;[0;39m &amp#27;[35m60014&amp#27;[0;39m &amp#27;[2m---&amp#27;[0;39m &amp#27;[2m[Maitre-D] [           main]&amp#27;[0;39m &amp#27;[2m&amp#27;[0;39m&amp#27;[36mo.h.e.t.j.p.i.JtaPlatformInitiator      &amp#27;[0;39m &amp#27;[2m:&amp#27;[0;39m HHH000489: No JTA platform available (set 'hibernate.transaction.jta.platform' to enable JTA platform integration)
&amp#27;[2m2024-04-11T19:26:33.611-04:00&amp#27;[0;39m &amp#27;[32m INFO&amp#27;[0;39m &amp#27;[35m60014&amp#27;[0;39m &amp#27;[2m---&amp#27;[0;39m &amp#27;[2m[Maitre-D] [           main]&amp#27;[0;39m &amp#27;[2m&amp#27;[0;39m&amp#27;[36mj.LocalContainerEntityManagerFactoryBean&amp#27;[0;39m &amp#27;[2m:&amp#27;[0;39m Initialized JPA EntityManagerFactory for persistence unit 'default'
&amp#27;[2m2024-04-11T19:26:34.320-04:00&amp#27;[0;39m &amp#27;[33m WARN&amp#27;[0;39m &amp#27;[35m60014&amp#27;[0;39m &amp#27;[2m---&amp#27;[0;39m &amp#27;[2m[Maitre-D] [           main]&amp#27;[0;39m &amp#27;[2m&amp#27;[0;39m&amp#27;[36mJpaBaseConfiguration$JpaWebConfiguration&amp#27;[0;39m &amp#27;[2m:&amp#27;[0;39m spring.jpa.open-in-view is enabled by default. Therefore, database queries may be performed during view rendering. Explicitly configure spring.jpa.open-in-view to disable this warning
&amp#27;[2m2024-04-11T19:26:34.377-04:00&amp#27;[0;39m &amp#27;[32m INFO&amp#27;[0;39m &amp#27;[35m60014&amp#27;[0;39m &amp#27;[2m---&amp#27;[0;39m &amp#27;[2m[Maitre-D] [           main]&amp#27;[0;39m &amp#27;[2m&amp#27;[0;39m&amp#27;[36mo.s.b.a.w.s.WelcomePageHandlerMapping   &amp#27;[0;39m &amp#27;[2m:&amp#27;[0;39m Adding welcome page: class path resource [static/index.html]
&amp#27;[2m2024-04-11T19:26:34.497-04:00&amp#27;[0;39m &amp#27;[32m INFO&amp#27;[0;39m &amp#27;[35m60014&amp#27;[0;39m &amp#27;[2m---&amp#27;[0;39m &amp#27;[2m[Maitre-D] [           main]&amp#27;[0;39m &amp#27;[2m&amp#27;[0;39m&amp#27;[36mo.s.s.web.DefaultSecurityFilterChain    &amp#27;[0;39m &amp#27;[2m:&amp#27;[0;39m Will secure any request with [org.springframework.security.web.session.DisableEncodeUrlFilter@22b4ad0c, org.springframework.security.web.context.request.async.WebAsyncManagerIntegrationFilter@25af1dbf, org.springframework.security.web.context.SecurityContextHolderFilter@46878216, org.springframework.security.web.header.HeaderWriterFilter@294b045b, org.springframework.web.filter.CorsFilter@2cdcedef, org.springframework.security.web.authentication.logout.LogoutFilter@7866ffa, org.springframework.security.oauth2.server.resource.web.authentication.BearerTokenAuthenticationFilter@634d56eb, org.springframework.security.web.savedrequest.RequestCacheAwareFilter@7136ad9a, org.springframework.security.web.servletapi.SecurityContextHolderAwareRequestFilter@4fb42efa, org.springframework.security.web.authentication.AnonymousAuthenticationFilter@43778d6d, org.springframework.security.web.session.SessionManagementFilter@7af2ee23, org.springframework.security.web.access.ExceptionTranslationFilter@3b171fbd, org.springframework.security.web.access.intercept.AuthorizationFilter@6e0dec27]
&amp#27;[2m2024-04-11T19:26:34.635-04:00&amp#27;[0;39m &amp#27;[33m WARN&amp#27;[0;39m &amp#27;[35m60014&amp#27;[0;39m &amp#27;[2m---&amp#27;[0;39m &amp#27;[2m[Maitre-D] [           main]&amp#27;[0;39m &amp#27;[2m&amp#27;[0;39m&amp#27;[36mion$DefaultTemplateResolverConfiguration&amp#27;[0;39m &amp#27;[2m:&amp#27;[0;39m Cannot find template location: classpath:/templates/ (please add some templates, check your Thymeleaf configuration, or set spring.thymeleaf.check-template-location=false)
&amp#27;[2m2024-04-11T19:26:34.657-04:00&amp#27;[0;39m &amp#27;[32m INFO&amp#27;[0;39m &amp#27;[35m60014&amp#27;[0;39m &amp#27;[2m---&amp#27;[0;39m &amp#27;[2m[Maitre-D] [           main]&amp#27;[0;39m &amp#27;[2m&amp#27;[0;39m&amp#27;[36mo.s.b.a.h2.H2ConsoleAutoConfiguration   &amp#27;[0;39m &amp#27;[2m:&amp#27;[0;39m H2 console available at '/h2-console'. Database available at 'jdbc:h2:file:~/demo'
&amp#27;[2m2024-04-11T19:26:34.706-04:00&amp#27;[0;39m &amp#27;[32m INFO&amp#27;[0;39m &amp#27;[35m60014&amp#27;[0;39m &amp#27;[2m---&amp#27;[0;39m &amp#27;[2m[Maitre-D] [           main]&amp#27;[0;39m &amp#27;[2m&amp#27;[0;39m&amp#27;[36mc.Team3.MaitreD.MaitreDApplicationTests &amp#27;[0;39m &amp#27;[2m:&amp#27;[0;39m Started MaitreDApplicationTests in 2.953 seconds (process running for 3.523)
]]></system-out>
    <system-err><![CDATA[WARNING: A Java agent has been loaded dynamically (/Users/nalani/.m2/repository/net/bytebuddy/byte-buddy-agent/1.14.12/byte-buddy-agent-1.14.12.jar)
WARNING: If a serviceability tool is in use, please run with -XX:+EnableDynamicAgentLoading to hide this warning
WARNING: If a serviceability tool is not in use, please run with -Djdk.instrument.traceUsage for more information
WARNING: Dynamic loading of agents will be disallowed by default in a future release
]]></system-err>
  </testcase>
</testsuite>